This is pdfTeX, Version 3.14159265-2.6-1.40.16 (MiKTeX 2.9) (preloaded format=pdflatex 2016.5.4)  13 JUN 2018 16:02
entering extended mode
**./precip_ms.tex
(precip_ms.tex
LaTeX2e <2015/10/01> patch level 2
Babel <3.9n> and hyphenation patterns for 69 languages loaded.
("C:\Program Files (x86)\MiKTeX 2.9\tex\latex\base\article.cls"
Document Class: article 2014/09/29 v1.4h Standard LaTeX document class
("C:\Program Files (x86)\MiKTeX 2.9\tex\latex\base\size11.clo"
File: size11.clo 2014/09/29 v1.4h Standard LaTeX file (size option)
)
\c@part=\count79
\c@section=\count80
\c@subsection=\count81
\c@subsubsection=\count82
\c@paragraph=\count83
\c@subparagraph=\count84
\c@figure=\count85
\c@table=\count86
\abovecaptionskip=\skip41
\belowcaptionskip=\skip42
\bibindent=\dimen102
)
("C:\Program Files (x86)\MiKTeX 2.9\tex\latex\amsmath\amsmath.sty"
Package: amsmath 2013/01/14 v2.14 AMS math features
\@mathmargin=\skip43

For additional information on amsmath, use the `?' option.
("C:\Program Files (x86)\MiKTeX 2.9\tex\latex\amsmath\amstext.sty"
Package: amstext 2000/06/29 v2.01

("C:\Program Files (x86)\MiKTeX 2.9\tex\latex\amsmath\amsgen.sty"
File: amsgen.sty 1999/11/30 v2.0
\@emptytoks=\toks14
\ex@=\dimen103
))
("C:\Program Files (x86)\MiKTeX 2.9\tex\latex\amsmath\amsbsy.sty"
Package: amsbsy 1999/11/29 v1.2d
\pmbraise@=\dimen104
)
("C:\Program Files (x86)\MiKTeX 2.9\tex\latex\amsmath\amsopn.sty"
Package: amsopn 1999/12/14 v2.01 operator names
)
\inf@bad=\count87
LaTeX Info: Redefining \frac on input line 210.
\uproot@=\count88
\leftroot@=\count89
LaTeX Info: Redefining \overline on input line 306.
\classnum@=\count90
\DOTSCASE@=\count91
LaTeX Info: Redefining \ldots on input line 378.
LaTeX Info: Redefining \dots on input line 381.
LaTeX Info: Redefining \cdots on input line 466.
\Mathstrutbox@=\box26
\strutbox@=\box27
\big@size=\dimen105
LaTeX Font Info:    Redeclaring font encoding OML on input line 566.
LaTeX Font Info:    Redeclaring font encoding OMS on input line 567.
\macc@depth=\count92
\c@MaxMatrixCols=\count93
\dotsspace@=\muskip10
\c@parentequation=\count94
\dspbrk@lvl=\count95
\tag@help=\toks15
\row@=\count96
\column@=\count97
\maxfields@=\count98
\andhelp@=\toks16
\eqnshift@=\dimen106
\alignsep@=\dimen107
\tagshift@=\dimen108
\tagwidth@=\dimen109
\totwidth@=\dimen110
\lineht@=\dimen111
\@envbody=\toks17
\multlinegap=\skip44
\multlinetaggap=\skip45
\mathdisplay@stack=\toks18
LaTeX Info: Redefining \[ on input line 2665.
LaTeX Info: Redefining \] on input line 2666.
)
("C:\Program Files (x86)\MiKTeX 2.9\tex\latex\amsfonts\amsfonts.sty"
Package: amsfonts 2013/01/14 v3.01 Basic AMSFonts support
\symAMSa=\mathgroup4
\symAMSb=\mathgroup5
LaTeX Font Info:    Overwriting math alphabet `\mathfrak' in version `bold'
(Font)                  U/euf/m/n --> U/euf/b/n on input line 106.
)
("C:\Program Files (x86)\MiKTeX 2.9\tex\latex\amsfonts\amssymb.sty"
Package: amssymb 2013/01/14 v3.01 AMS font symbols
)
("C:\Program Files (x86)\MiKTeX 2.9\tex\latex\graphics\graphicx.sty"
Package: graphicx 2014/10/28 v1.0g Enhanced LaTeX Graphics (DPC,SPQR)

("C:\Program Files (x86)\MiKTeX 2.9\tex\latex\graphics\keyval.sty"
Package: keyval 2014/10/28 v1.15 key=value parser (DPC)
\KV@toks@=\toks19
)
("C:\Program Files (x86)\MiKTeX 2.9\tex\latex\graphics\graphics.sty"
Package: graphics 2014/10/28 v1.0p Standard LaTeX Graphics (DPC,SPQR)

("C:\Program Files (x86)\MiKTeX 2.9\tex\latex\graphics\trig.sty"
Package: trig 1999/03/16 v1.09 sin cos tan (DPC)
)
("C:\Program Files (x86)\MiKTeX 2.9\tex\latex\00miktex\graphics.cfg"
File: graphics.cfg 2007/01/18 v1.5 graphics configuration of teTeX/TeXLive
)
Package graphics Info: Driver file: pdftex.def on input line 94.

("C:\Program Files (x86)\MiKTeX 2.9\tex\latex\pdftex-def\pdftex.def"
File: pdftex.def 2011/05/27 v0.06d Graphics/color for pdfTeX

("C:\Program Files (x86)\MiKTeX 2.9\tex\generic\oberdiek\infwarerr.sty"
Package: infwarerr 2010/04/08 v1.3 Providing info/warning/error messages (HO)
)
("C:\Program Files (x86)\MiKTeX 2.9\tex\generic\oberdiek\ltxcmds.sty"
Package: ltxcmds 2011/11/09 v1.22 LaTeX kernel commands for general use (HO)
)
\Gread@gobject=\count99
))
\Gin@req@height=\dimen112
\Gin@req@width=\dimen113
)
(C:\Users\adler\AppData\Roaming\MiKTeX\2.9\tex\latex\natbib\natbib.sty
Package: natbib 2010/09/13 8.31b (PWD, AO)
\bibhang=\skip46
\bibsep=\skip47
LaTeX Info: Redefining \cite on input line 694.
\c@NAT@ctr=\count100
)
(C:\Users\adler\AppData\Roaming\MiKTeX\2.9\tex\latex\setspace\setspace.sty
Package: setspace 2011/12/19 v6.7a set line spacing
)
(C:\Users\adler\AppData\Roaming\MiKTeX\2.9\tex\latex\preprint\authblk.sty
Package: authblk 2001/02/27 1.3 (PWD)
\affilsep=\skip48
\@affilsep=\skip49
\c@Maxaffil=\count101
\c@authors=\count102
\c@affil=\count103
)
("C:\Program Files (x86)\MiKTeX 2.9\tex\latex\float\float.sty"
Package: float 2001/11/08 v1.3d Float enhancements (AL)
\c@float@type=\count104
\float@exts=\toks20
\float@box=\box28
\@float@everytoks=\toks21
\@floatcapt=\box29
)
(C:\Users\adler\AppData\Roaming\MiKTeX\2.9\tex\latex\lineno\lineno.sty
Package: lineno 2005/11/02 line numbers on paragraphs v4.41
\linenopenalty=\count105
\output=\toks22
\linenoprevgraf=\count106
\linenumbersep=\dimen114
\linenumberwidth=\dimen115
\c@linenumber=\count107
\c@pagewiselinenumber=\count108
\c@LN@truepage=\count109
\c@internallinenumber=\count110
\c@internallinenumbers=\count111
\quotelinenumbersep=\dimen116
\bframerule=\dimen117
\bframesep=\dimen118
\bframebox=\box30
LaTeX Info: Redefining \\ on input line 3056.
)
("C:\Program Files (x86)\MiKTeX 2.9\tex\latex\geometry\geometry.sty"
Package: geometry 2010/09/12 v5.6 Page Geometry

("C:\Program Files (x86)\MiKTeX 2.9\tex\generic\oberdiek\ifpdf.sty"
Package: ifpdf 2011/01/30 v2.3 Provides the ifpdf switch (HO)
Package ifpdf Info: pdfTeX in PDF mode is detected.
)
("C:\Program Files (x86)\MiKTeX 2.9\tex\generic\oberdiek\ifvtex.sty"
Package: ifvtex 2010/03/01 v1.5 Detect VTeX and its facilities (HO)
Package ifvtex Info: VTeX not detected.
)
("C:\Program Files (x86)\MiKTeX 2.9\tex\generic\ifxetex\ifxetex.sty"
Package: ifxetex 2010/09/12 v0.6 Provides ifxetex conditional
)
\Gm@cnth=\count112
\Gm@cntv=\count113
\c@Gm@tempcnt=\count114
\Gm@bindingoffset=\dimen119
\Gm@wd@mp=\dimen120
\Gm@odd@mp=\dimen121
\Gm@even@mp=\dimen122
\Gm@layoutwidth=\dimen123
\Gm@layoutheight=\dimen124
\Gm@layouthoffset=\dimen125
\Gm@layoutvoffset=\dimen126
\Gm@dimlist=\toks23

("C:\Program Files (x86)\MiKTeX 2.9\tex\latex\geometry\geometry.cfg"))
(C:\Users\adler\AppData\Roaming\MiKTeX\2.9\tex\latex\enumitem\enumitem.sty
Package: enumitem 2011/09/28 v3.5.2 Customized lists
\labelindent=\skip50
\enit@outerparindent=\dimen127
\enit@toks=\toks24
\enit@inbox=\box31
\enitdp@description=\count115
)
(C:\Users\adler\AppData\Roaming\MiKTeX\2.9\tex\latex\was\gensymb.sty
Package: gensymb 2003/07/02 v1.0 (WaS)
)
("C:\Program Files (x86)\MiKTeX 2.9\tex\latex\tools\longtable.sty"
Package: longtable 2014/10/28 v4.11 Multi-page Table package (DPC)
\LTleft=\skip51
\LTright=\skip52
\LTpre=\skip53
\LTpost=\skip54
\LTchunksize=\count116
\LTcapwidth=\dimen128
\LT@head=\box32
\LT@firsthead=\box33
\LT@foot=\box34
\LT@lastfoot=\box35
\LT@cols=\count117
\LT@rows=\count118
\c@LT@tables=\count119
\c@LT@chunks=\count120
\LT@p@ftn=\toks25
)
(C:\Users\adler\AppData\Roaming\MiKTeX\2.9\tex\latex\titlesec\titlesec.sty
Package: titlesec 2016/03/21 v2.10.2 Sectioning titles
\ttl@box=\box36
\beforetitleunit=\skip55
\aftertitleunit=\skip56
\ttl@plus=\dimen129
\ttl@minus=\dimen130
\ttl@toksa=\toks26
\titlewidth=\dimen131
\titlewidthlast=\dimen132
\titlewidthfirst=\dimen133
)
("C:\Program Files (x86)\MiKTeX 2.9\tex\latex\tools\bm.sty"
Package: bm 2014/10/28 v1.1c Bold Symbol Support (DPC/FMi)
\symboldoperators=\mathgroup6
\symboldletters=\mathgroup7
\symboldsymbols=\mathgroup8
LaTeX Font Info:    Redeclaring math alphabet \mathbf on input line 141.
LaTeX Info: Redefining \bm on input line 207.
)
("C:\Program Files (x86)\MiKTeX 2.9\tex\latex\jknappen\mathrsfs.sty"
Package: mathrsfs 1996/01/01 Math RSFS package v1.0 (jk)
\symrsfs=\mathgroup9
)
("C:\Program Files (x86)\MiKTeX 2.9\tex\latex\oberdiek\epstopdf.sty"
Package: epstopdf 2010/02/09 v2.5 Conversion with epstopdf on the fly (HO)

("C:\Program Files (x86)\MiKTeX 2.9\tex\latex\oberdiek\epstopdf-base.sty"
Package: epstopdf-base 2010/02/09 v2.5 Base part for package epstopdf

("C:\Program Files (x86)\MiKTeX 2.9\tex\latex\oberdiek\grfext.sty"
Package: grfext 2010/08/19 v1.1 Manage graphics extensions (HO)

("C:\Program Files (x86)\MiKTeX 2.9\tex\generic\oberdiek\kvdefinekeys.sty"
Package: kvdefinekeys 2011/04/07 v1.3 Define keys (HO)
))
("C:\Program Files (x86)\MiKTeX 2.9\tex\latex\oberdiek\kvoptions.sty"
Package: kvoptions 2011/06/30 v3.11 Key value format for package options (HO)

("C:\Program Files (x86)\MiKTeX 2.9\tex\generic\oberdiek\kvsetkeys.sty"
Package: kvsetkeys 2012/04/25 v1.16 Key value parser (HO)

("C:\Program Files (x86)\MiKTeX 2.9\tex\generic\oberdiek\etexcmds.sty"
Package: etexcmds 2011/02/16 v1.5 Avoid name clashes with e-TeX commands (HO)

("C:\Program Files (x86)\MiKTeX 2.9\tex\generic\oberdiek\ifluatex.sty"
Package: ifluatex 2010/03/01 v1.3 Provides the ifluatex switch (HO)
Package ifluatex Info: LuaTeX not detected.
)
Package etexcmds Info: Could not find \expanded.
(etexcmds)             That can mean that you are not using pdfTeX 1.50 or
(etexcmds)             that some package has redefined \expanded.
(etexcmds)             In the latter case, load this package earlier.
)))
("C:\Program Files (x86)\MiKTeX 2.9\tex\generic\oberdiek\pdftexcmds.sty"
Package: pdftexcmds 2011/11/29 v0.20 Utility functions of pdfTeX for LuaTeX (HO
)
Package pdftexcmds Info: LuaTeX not detected.
Package pdftexcmds Info: \pdf@primitive is available.
Package pdftexcmds Info: \pdf@ifprimitive is available.
Package pdftexcmds Info: \pdfdraftmode found.
)
Package grfext Info: Graphics extension search list:
(grfext)             [.pdf,.png,.jpg,.eps]
(grfext)             \AppendGraphicsExtensions on input line 452.
))
("C:\Program Files (x86)\MiKTeX 2.9\tex\latex\graphics\color.sty"
Package: color 2014/10/28 v1.1a Standard LaTeX Color (DPC)

("C:\Program Files (x86)\MiKTeX 2.9\tex\latex\00miktex\color.cfg"
File: color.cfg 2007/01/18 v1.5 color configuration of teTeX/TeXLive
)
Package color Info: Driver file: pdftex.def on input line 142.
)
\@float@every@Box=\toks27
\c@Box=\count121

(precip_ms.aux)
\openout1 = `precip_ms.aux'.

LaTeX Font Info:    Checking defaults for OML/cmm/m/it on input line 74.
LaTeX Font Info:    ... okay on input line 74.
LaTeX Font Info:    Checking defaults for T1/cmr/m/n on input line 74.
LaTeX Font Info:    ... okay on input line 74.
LaTeX Font Info:    Checking defaults for OT1/cmr/m/n on input line 74.
LaTeX Font Info:    ... okay on input line 74.
LaTeX Font Info:    Checking defaults for OMS/cmsy/m/n on input line 74.
LaTeX Font Info:    ... okay on input line 74.
LaTeX Font Info:    Checking defaults for OMX/cmex/m/n on input line 74.
LaTeX Font Info:    ... okay on input line 74.
LaTeX Font Info:    Checking defaults for U/cmr/m/n on input line 74.
LaTeX Font Info:    ... okay on input line 74.

(C:\Users\adler\AppData\Roaming\MiKTeX\2.9\tex\context\base\supp-pdf.mkii
[Loading MPS to PDF converter (version 2006.09.02).]
\scratchcounter=\count122
\scratchdimen=\dimen134
\scratchbox=\box37
\nofMPsegments=\count123
\nofMParguments=\count124
\everyMPshowfont=\toks28
\MPscratchCnt=\count125
\MPscratchDim=\dimen135
\MPnumerator=\count126
\makeMPintoPDFobject=\count127
\everyMPtoPDFconversion=\toks29
)
*geometry* driver: auto-detecting
*geometry* detected driver: pdftex
*geometry* verbose mode - [ preamble ] result:
* driver: pdftex
* paper: <default>
* layout: <same size as paper>
* layoutoffset:(h,v)=(0.0pt,0.0pt)
* modes: 
* h-part:(L,W,R)=(72.26999pt, 469.75502pt, 72.26999pt)
* v-part:(T,H,B)=(72.26999pt, 650.43001pt, 72.26999pt)
* \paperwidth=614.295pt
* \paperheight=794.96999pt
* \textwidth=469.75502pt
* \textheight=650.43001pt
* \oddsidemargin=0.0pt
* \evensidemargin=0.0pt
* \topmargin=-37.0pt
* \headheight=12.0pt
* \headsep=25.0pt
* \topskip=11.0pt
* \footskip=30.0pt
* \marginparwidth=59.0pt
* \marginparsep=10.0pt
* \columnsep=10.0pt
* \skip\footins=10.0pt plus 4.0pt minus 2.0pt
* \hoffset=0.0pt
* \voffset=0.0pt
* \mag=1000
* \@twocolumnfalse
* \@twosidefalse
* \@mparswitchfalse
* \@reversemarginfalse
* (1in=72.27pt=25.4mm, 1cm=28.453pt)

LaTeX Info: Redefining \celsius on input line 74.
Package gensymb Info: Faking symbols for \degree and \celsius on input line 74.


Package gensymb Warning: Not defining \perthousand.

LaTeX Info: Redefining \ohm on input line 74.
Package gensymb Info: Using \Omega for \ohm on input line 74.

Package gensymb Warning: Not defining \micro.

LaTeX Font Info:    Try loading font information for U+msa on input line 76.
("C:\Program Files (x86)\MiKTeX 2.9\tex\latex\amsfonts\umsa.fd"
File: umsa.fd 2013/01/14 v3.01 AMS symbols A
)
LaTeX Font Info:    Try loading font information for U+msb on input line 76.

("C:\Program Files (x86)\MiKTeX 2.9\tex\latex\amsfonts\umsb.fd"
File: umsb.fd 2013/01/14 v3.01 AMS symbols B
)
LaTeX Font Info:    Try loading font information for U+rsfs on input line 76.

("C:\Program Files (x86)\MiKTeX 2.9\tex\latex\jknappen\ursfs.fd"
File: ursfs.fd 1998/03/24 rsfs font definition file (jk)
)
LaTeX Font Info:    Try loading font information for OMS+cmr on input line 76.

("C:\Program Files (x86)\MiKTeX 2.9\tex\latex\base\omscmr.fd"
File: omscmr.fd 2014/09/29 v2.5h Standard LaTeX font definitions
)
LaTeX Font Info:    Font shape `OMS/cmr/m/n' in size <8> not available
(Font)              Font shape `OMS/cmsy/m/n' tried instead on input line 76.
LaTeX Font Info:    Font shape `OMS/cmr/m/n' in size <6> not available
(Font)              Font shape `OMS/cmsy/m/n' tried instead on input line 76.
 [1

{C:/Users/adler/AppData/Local/MiKTeX/2.9/pdftex/config/pdftex.map}] [2]
Missing character: There is no Ã in font cmr10!
Missing character: There is no ¶ in font cmr10!
Missing character: There is no Ã in font cmr10!
Missing character: There is no © in font cmr10!
 [3] [4]
Missing character: There is no Ã in font cmr10!
Missing character: There is no © in font cmr10!
Missing character: There is no â in font cmr10!
Missing character: There is no € in font cmr10!
Missing character: There is no “ in font cmr10!
 [5] [6]
[7] [8] [9] [10] [11] [12]

Package natbib Warning: Citation `vetari_practical_2015' on page 13 undefined o
n input line 226.

[13] [14] [15] [16]

LaTeX Warning: Reference `table:changeHECO' on page 17 undefined on input line 
285.


LaTeX Warning: Reference `table:changePSSP' on page 17 undefined on input line 
285.


LaTeX Warning: Reference `table:changePOSE' on page 17 undefined on input line 
285.

[17] [18] [19] [20] [21] [22]
Missing character: There is no Ã in font cmr10!
Missing character: There is no © in font cmr10!
 [23]
Missing character: There is no Ã in font cmr10!
Missing character: There is no © in font cmr10!
 [24] (precip_ms.bbl
Missing character: There is no Ã in font cmr10!
Missing character: There is no ¤ in font cmr10!
 [25]
Missing character: There is no â in font cmr10!
Missing character: There is no € in font cmr10!
Missing character: There is no ™ in font cmr10!
Missing character: There is no Ã in font cmr10!
Missing character: There is no © in font cmr10!
Missing character: There is no Ã in font cmr10!
Missing character: There is no ³ in font cmr10!
Missing character: There is no Ã in font cmr10!
Missing character: There is no ³ in font cmr10!
Missing character: There is no Ã in font cmr10!
Missing character: There is no © in font cmr10!
 [26]
Missing character: There is no Å in font cmr10!
Missing character: There is no “ in font cmr10!
 [27]
Missing character: There is no Ã in font cmr10!
Missing character: There is no ¶ in font cmr10!
Missing character: There is no â in font cmr10!
Missing character: There is no € in font cmr10!
Missing character: There is no “ in font cmr10!
Missing character: There is no Ã in font cmr10!
Missing character: There is no © in font cmr10!
 [28]
Missing character: There is no Â in font cmr10!
Missing character: There is no © in font cmr10!

[29]
Missing character: There is no â in font cmr10!
Missing character: There is no € in font cmr10!
Missing character: There is no “ in font cmr10!
) [30] (spot_measurements.tex) (soil_moisture_model.tex)
(overall_cover_change_modified.tex

LaTeX Warning: Command \textgreater invalid in math mode on input line 10.

LaTeX Font Info:    Try loading font information for OML+cmr on input line 10.
("C:\Program Files (x86)\MiKTeX 2.9\tex\latex\base\omlcmr.fd"
File: omlcmr.fd 2014/09/29 v2.5h Standard LaTeX font definitions
)
LaTeX Font Info:    Font shape `OML/cmr/m/n' in size <10.95> not available
(Font)              Font shape `OML/cmm/m/it' tried instead on input line 10.


LaTeX Warning: Command \textgreater invalid in math mode on input line 10.


LaTeX Warning: Command \textgreater invalid in math mode on input line 15.


LaTeX Warning: Command \textgreater invalid in math mode on input line 15.


LaTeX Warning: Command \textgreater invalid in math mode on input line 21.


LaTeX Warning: Command \textgreater invalid in math mode on input line 21.


LaTeX Warning: Command \textgreater invalid in math mode on input line 27.


LaTeX Warning: Command \textgreater invalid in math mode on input line 27.

) (strong_correlations.tex) (overall_prediction_score.tex) (pgr_predictions.tex
) [31

] [32] [33] [34] [35]
<../figures/VWC_spot_measurements.png, id=131, 505.89pt x 361.35pt>
File: ../figures/VWC_spot_measurements.png Graphic file (type png)

<use ../figures/VWC_spot_measurements.png>
Package pdftex.def Info: ../figures/VWC_spot_measurements.png used on input lin
e 374.
(pdftex.def)             Requested size: 469.75502pt x 335.54477pt.

<../figures/avg_daily_soil_moisture.png, id=132, 361.35pt x 433.62pt>
File: ../figures/avg_daily_soil_moisture.png Graphic file (type png)

<use ../figures/avg_daily_soil_moisture.png>
Package pdftex.def Info: ../figures/avg_daily_soil_moisture.png used on input l
ine 382.
(pdftex.def)             Requested size: 469.75502pt x 563.71255pt.

<../figures/modern_soil_moisture_comparison.png, id=133, 433.62pt x 433.62pt>
File: ../figures/modern_soil_moisture_comparison.png Graphic file (type png)

<use ../figures/modern_soil_moisture_comparison.png>
Package pdftex.def Info: ../figures/modern_soil_moisture_comparison.png used on
 input line 390.
(pdftex.def)             Requested size: 469.75502pt x 469.7781pt.

<../figures/start_to_finish_cover_change.png, id=134, 722.7pt x 433.62pt>
File: ../figures/start_to_finish_cover_change.png Graphic file (type png)

<use ../figures/start_to_finish_cover_change.png>
Package pdftex.def Info: ../figures/start_to_finish_cover_change.png used on in
put line 398.
(pdftex.def)             Requested size: 469.75502pt x 281.85628pt.

<../figures/treatment_effect_growth.png, id=135, 505.89pt x 361.35pt>
File: ../figures/treatment_effect_growth.png Graphic file (type png)

<use ../figures/treatment_effect_growth.png>
Package pdftex.def Info: ../figures/treatment_effect_growth.png used on input l
ine 405.
(pdftex.def)             Requested size: 469.75502pt x 335.54477pt.

<../figures/treatment_effect_survival.png, id=136, 505.89pt x 361.35pt>
File: ../figures/treatment_effect_survival.png Graphic file (type png)

<use ../figures/treatment_effect_survival.png>
Package pdftex.def Info: ../figures/treatment_effect_survival.png used on input
 line 412.
(pdftex.def)             Requested size: 469.75502pt x 335.54477pt.

<../figures/treatment_effect_recruitment.png, id=137, 505.89pt x 289.08pt>
File: ../figures/treatment_effect_recruitment.png Graphic file (type png)

<use ../figures/treatment_effect_recruitment.png>
Package pdftex.def Info: ../figures/treatment_effect_recruitment.png used on in
put line 419.
(pdftex.def)             Requested size: 469.75502pt x 268.43579pt.

<../figures/climate_effect_growth.png, id=138, 505.89pt x 361.35pt>
File: ../figures/climate_effect_growth.png Graphic file (type png)

<use ../figures/climate_effect_growth.png>
Package pdftex.def Info: ../figures/climate_effect_growth.png used on input lin
e 426.
(pdftex.def)             Requested size: 469.75502pt x 335.54477pt.

<../figures/climate_effect_survival.png, id=139, 505.89pt x 361.35pt>
File: ../figures/climate_effect_survival.png Graphic file (type png)

<use ../figures/climate_effect_survival.png>
Package pdftex.def Info: ../figures/climate_effect_survival.png used on input l
ine 433.
(pdftex.def)             Requested size: 469.75502pt x 335.54477pt.

<../figures/climate_effect_recruitment.png, id=140, 505.89pt x 361.35pt>
File: ../figures/climate_effect_recruitment.png Graphic file (type png)

<use ../figures/climate_effect_recruitment.png>
Package pdftex.def Info: ../figures/climate_effect_recruitment.png used on inpu
t line 441.
(pdftex.def)             Requested size: 469.75502pt x 335.54477pt.

<../figures/parameter_predictions.png, id=141, 578.16pt x 433.62pt>
File: ../figures/parameter_predictions.png Graphic file (type png)

<use ../figures/parameter_predictions.png>
Package pdftex.def Info: ../figures/parameter_predictions.png used on input lin
e 448.
(pdftex.def)             Requested size: 469.75502pt x 352.31538pt.

<../figures/predicted_and_observed_cover.png, id=142, 578.16pt x 433.62pt>
File: ../figures/predicted_and_observed_cover.png Graphic file (type png)

<use ../figures/predicted_and_observed_cover.png>
Package pdftex.def Info: ../figures/predicted_and_observed_cover.png used on in
put line 455.
(pdftex.def)             Requested size: 469.75502pt x 352.31538pt.

<../figures/ARTR_predicted_pgr_comparison.png, id=143, 578.16pt x 578.16pt>
File: ../figures/ARTR_predicted_pgr_comparison.png Graphic file (type png)

<use ../figures/ARTR_predicted_pgr_comparison.png>
Package pdftex.def Info: ../figures/ARTR_predicted_pgr_comparison.png used on i
nput line 463.
(pdftex.def)             Requested size: 469.75502pt x 469.75385pt.

<../figures/HECO_predicted_pgr_comparison.png, id=144, 578.16pt x 578.16pt>
File: ../figures/HECO_predicted_pgr_comparison.png Graphic file (type png)

<use ../figures/HECO_predicted_pgr_comparison.png>
Package pdftex.def Info: ../figures/HECO_predicted_pgr_comparison.png used on i
nput line 470.
(pdftex.def)             Requested size: 469.75502pt x 469.75385pt.

<../figures/POSE_predicted_pgr_comparison.png, id=145, 578.16pt x 578.16pt>
File: ../figures/POSE_predicted_pgr_comparison.png Graphic file (type png)

<use ../figures/POSE_predicted_pgr_comparison.png>
Package pdftex.def Info: ../figures/POSE_predicted_pgr_comparison.png used on i
nput line 477.
(pdftex.def)             Requested size: 469.75502pt x 469.75385pt.

<../figures/PSSP_predicted_pgr_comparison.png, id=146, 578.16pt x 578.16pt>
File: ../figures/PSSP_predicted_pgr_comparison.png Graphic file (type png)

<use ../figures/PSSP_predicted_pgr_comparison.png>
Package pdftex.def Info: ../figures/PSSP_predicted_pgr_comparison.png used on i
nput line 484.
(pdftex.def)             Requested size: 469.75502pt x 469.75385pt.
 [36

 <../figures/VWC_spot_measurements.png>]

LaTeX Warning: Text page 37 contains only floats.


Overfull \vbox (6.81174pt too high) has occurred while \output is active []


[37 <../figures/avg_daily_soil_moisture.png>] [38 <../figures/modern_soil_moist
ure_comparison.png>] [39 <../figures/start_to_finish_cover_change.png>]
[40 <../figures/treatment_effect_growth.png>] [41 <../figures/treatment_effect_
survival.png>] [42 <../figures/treatment_effect_recruitment.png>] [43 <../figur
es/climate_effect_growth.png>] [44 <../figures/climate_effect_survival.png>]
[45 <../figures/climate_effect_recruitment.png>] [46 <../figures/parameter_pred
ictions.png>] [47 <../figures/predicted_and_observed_cover.png>] [48 <../figure
s/ARTR_predicted_pgr_comparison.png>] [49 <../figures/HECO_predicted_pgr_compar
ison.png>] [50 <../figures/POSE_predicted_pgr_comparison.png>] [51 <../figures/
PSSP_predicted_pgr_comparison.png>] (treatment_prediction_score.tex
Overfull \hbox (119.31927pt too wide) in alignment at lines 3--8
 [] [] [] [] [] [] [] [] [] [] 
 []


Overfull \hbox (119.31927pt too wide) in alignment at lines 8--33
 [] [] [] [] [] [] [] [] [] [] 
 []


Underfull \vbox (badness 10000) detected at line 33
 []


Overfull \hbox (119.31927pt too wide) in alignment at lines 33--53
 [] [] [] [] [] [] [] [] [] [] 
 []


Overfull \hbox (119.31927pt too wide) in alignment at lines 53--73
 [] [] [] [] [] [] [] [] [] [] 
 []

[1


]
Overfull \hbox (119.31927pt too wide) in alignment at lines 73--87
 [] [] [] [] [] [] [] [] [] [] 
 []

[2]) [3]
<../figures/pred_v_obs_treatment_ARTR_growth.png, id=223, 433.62pt x 289.08pt>
File: ../figures/pred_v_obs_treatment_ARTR_growth.png Graphic file (type png)

<use ../figures/pred_v_obs_treatment_ARTR_growth.png>
Package pdftex.def Info: ../figures/pred_v_obs_treatment_ARTR_growth.png used o
n input line 531.
(pdftex.def)             Requested size: 469.75502pt x 313.1854pt.

<../figures/pred_v_obs_treatment_HECO_growth.png, id=224, 433.62pt x 289.08pt>
File: ../figures/pred_v_obs_treatment_HECO_growth.png Graphic file (type png)

<use ../figures/pred_v_obs_treatment_HECO_growth.png>
Package pdftex.def Info: ../figures/pred_v_obs_treatment_HECO_growth.png used o
n input line 538.
(pdftex.def)             Requested size: 469.75502pt x 313.1854pt.

<../figures/pred_v_obs_treatment_POSE_growth.png, id=225, 433.62pt x 289.08pt>
File: ../figures/pred_v_obs_treatment_POSE_growth.png Graphic file (type png)

<use ../figures/pred_v_obs_treatment_POSE_growth.png>
Package pdftex.def Info: ../figures/pred_v_obs_treatment_POSE_growth.png used o
n input line 545.
(pdftex.def)             Requested size: 469.75502pt x 313.1854pt.

<../figures/pred_v_obs_treatment_PSSP_growth.png, id=226, 433.62pt x 289.08pt>
File: ../figures/pred_v_obs_treatment_PSSP_growth.png Graphic file (type png)

<use ../figures/pred_v_obs_treatment_PSSP_growth.png>
Package pdftex.def Info: ../figures/pred_v_obs_treatment_PSSP_growth.png used o
n input line 553.
(pdftex.def)             Requested size: 469.75502pt x 313.1854pt.

<../figures/pred_v_obs_treatment_ARTR_survival.png, id=227, 433.62pt x 289.08pt
>
File: ../figures/pred_v_obs_treatment_ARTR_survival.png Graphic file (type png)

 <use ../figures/pred_v_obs_treatment_ARTR_survival.png>
Package pdftex.def Info: ../figures/pred_v_obs_treatment_ARTR_survival.png used
 on input line 561.
(pdftex.def)             Requested size: 469.75502pt x 313.1854pt.

<../figures/pred_v_obs_treatment_HECO_survival.png, id=228, 433.62pt x 289.08pt
>
File: ../figures/pred_v_obs_treatment_HECO_survival.png Graphic file (type png)

 <use ../figures/pred_v_obs_treatment_HECO_survival.png>
Package pdftex.def Info: ../figures/pred_v_obs_treatment_HECO_survival.png used
 on input line 568.
(pdftex.def)             Requested size: 469.75502pt x 313.1854pt.

<../figures/pred_v_obs_treatment_POSE_survival.png, id=229, 433.62pt x 289.08pt
>
File: ../figures/pred_v_obs_treatment_POSE_survival.png Graphic file (type png)

 <use ../figures/pred_v_obs_treatment_POSE_survival.png>
Package pdftex.def Info: ../figures/pred_v_obs_treatment_POSE_survival.png used
 on input line 576.
(pdftex.def)             Requested size: 469.75502pt x 313.1854pt.

<../figures/pred_v_obs_treatment_PSSP_survival.png, id=230, 433.62pt x 289.08pt
>
File: ../figures/pred_v_obs_treatment_PSSP_survival.png Graphic file (type png)

 <use ../figures/pred_v_obs_treatment_PSSP_survival.png>
Package pdftex.def Info: ../figures/pred_v_obs_treatment_PSSP_survival.png used
 on input line 583.
(pdftex.def)             Requested size: 469.75502pt x 313.1854pt.

<../figures/pred_v_ob_treatment_ARTR_recruitment.png, id=231, 433.62pt x 289.08
pt>
File: ../figures/pred_v_ob_treatment_ARTR_recruitment.png Graphic file (type pn
g)
 <use ../figures/pred_v_ob_treatment_ARTR_recruitment.png>
Package pdftex.def Info: ../figures/pred_v_ob_treatment_ARTR_recruitment.png us
ed on input line 591.
(pdftex.def)             Requested size: 469.75502pt x 313.1854pt.

<../figures/pred_v_ob_treatment_HECO_recruitment.png, id=232, 433.62pt x 289.08
pt>
File: ../figures/pred_v_ob_treatment_HECO_recruitment.png Graphic file (type pn
g)
 <use ../figures/pred_v_ob_treatment_HECO_recruitment.png>
Package pdftex.def Info: ../figures/pred_v_ob_treatment_HECO_recruitment.png us
ed on input line 598.
(pdftex.def)             Requested size: 469.75502pt x 313.1854pt.

<../figures/pred_v_ob_treatment_POSE_recruitment.png, id=233, 433.62pt x 289.08
pt>
File: ../figures/pred_v_ob_treatment_POSE_recruitment.png Graphic file (type pn
g)
 <use ../figures/pred_v_ob_treatment_POSE_recruitment.png>
Package pdftex.def Info: ../figures/pred_v_ob_treatment_POSE_recruitment.png us
ed on input line 606.
(pdftex.def)             Requested size: 469.75502pt x 313.1854pt.

<../figures/pred_v_ob_treatment_PSSP_recruitment.png, id=234, 433.62pt x 289.08
pt>
File: ../figures/pred_v_ob_treatment_PSSP_recruitment.png Graphic file (type pn
g)
 <use ../figures/pred_v_ob_treatment_PSSP_recruitment.png>
Package pdftex.def Info: ../figures/pred_v_ob_treatment_PSSP_recruitment.png us
ed on input line 613.
(pdftex.def)             Requested size: 469.75502pt x 313.1854pt.


Package natbib Warning: There were undefined citations.

[4

 <../figures/pred_v_obs_treatment_ARTR_growth.png>] [5 <../figures/pred_v_obs_t
reatment_HECO_growth.png>] [6 <../figures/pred_v_obs_treatment_POSE_growth.png>
] [7 <../figures/pred_v_obs_treatment_PSSP_growth.png>] [8 <../figures/pred_v_o
bs_treatment_ARTR_survival.png>] [9 <../figures/pred_v_obs_treatment_HECO_survi
val.png>] [10 <../figures/pred_v_obs_treatment_POSE_survival.png>] [11 <../figu
res/pred_v_obs_treatment_PSSP_survival.png>] [12 <../figures/pred_v_ob_treatmen
t_ARTR_recruitment.png>] [13 <../figures/pred_v_ob_treatment_HECO_recruitment.p
ng>] [14 <../figures/pred_v_ob_treatment_POSE_recruitment.png>] [15 <../figures
/pred_v_ob_treatment_PSSP_recruitment.png>] (precip_ms.aux)

LaTeX Warning: There were undefined references.

 ) 
Here is how much of TeX's memory you used:
 4855 strings out of 493634
 73472 string characters out of 3141315
 172225 words of memory out of 3000000
 8068 multiletter control sequences out of 15000+200000
 20256 words of font info for 77 fonts, out of 3000000 for 9000
 1025 hyphenation exceptions out of 8191
 42i,11n,31p,1882b,417s stack positions out of 5000i,500n,10000p,200000b,50000s
<C:/Program Files (x86)/MiKTeX 2.9/fonts/type1/public/amsfonts/cmextra/cmbsy8
.pfb><C:/Program Files (x86)/MiKTeX 2.9/fonts/type1/public/amsfonts/cm/cmbx10.p
fb><C:/Program Files (x86)/MiKTeX 2.9/fonts/type1/public/amsfonts/cm/cmbx12.pfb
><C:/Program Files (x86)/MiKTeX 2.9/fonts/type1/public/amsfonts/cm/cmex10.pfb><
C:/Program Files (x86)/MiKTeX 2.9/fonts/type1/public/amsfonts/cm/cmmi10.pfb><C:
/Program Files (x86)/MiKTeX 2.9/fonts/type1/public/amsfonts/cm/cmmi8.pfb><C:/Pr
ogram Files (x86)/MiKTeX 2.9/fonts/type1/public/amsfonts/cm/cmmib10.pfb><C:/Pro
gram Files (x86)/MiKTeX 2.9/fonts/type1/public/amsfonts/cmextra/cmmib8.pfb><C:/
Program Files (x86)/MiKTeX 2.9/fonts/type1/public/amsfonts/cm/cmr10.pfb><C:/Pro
gram Files (x86)/MiKTeX 2.9/fonts/type1/public/amsfonts/cm/cmr12.pfb><C:/Progra
m Files (x86)/MiKTeX 2.9/fonts/type1/public/amsfonts/cm/cmr17.pfb><C:/Program F
iles (x86)/MiKTeX 2.9/fonts/type1/public/amsfonts/cm/cmr8.pfb><C:/Program Files
 (x86)/MiKTeX 2.9/fonts/type1/public/amsfonts/cm/cmr9.pfb><C:/Program Files (x8
6)/MiKTeX 2.9/fonts/type1/public/amsfonts/cm/cmss8.pfb><C:/Program Files (x86)/
MiKTeX 2.9/fonts/type1/public/amsfonts/cm/cmsy10.pfb><C:/Program Files (x86)/Mi
KTeX 2.9/fonts/type1/public/amsfonts/cm/cmsy6.pfb><C:/Program Files (x86)/MiKTe
X 2.9/fonts/type1/public/amsfonts/cm/cmsy8.pfb><C:/Program Files (x86)/MiKTeX 2
.9/fonts/type1/public/amsfonts/cm/cmti10.pfb><C:/Program Files (x86)/MiKTeX 2.9
/fonts/type1/public/amsfonts/cm/cmtt10.pfb>
Output written on precip_ms.pdf (66 pages, 1025976 bytes).
PDF statistics:
 346 PDF objects out of 1000 (max. 8388607)
 0 named destinations out of 1000 (max. 500000)
 141 words of extra memory for PDF output out of 10000 (max. 10000000)

